<?xml version="1.0" encoding="UTF-8"?>
<!-- Generated by org.testng.reporters.JUnitReportReporter -->
<testsuite skipped="0" hostname="LAB_04_17" name="sampleproj.batch.NewTest" tests="1" failures="0" timestamp="23 Sep 2021 05:18:39 GMT" time="6.736" errors="0">
  <testcase name="f" time="6.736" classname="sampleproj.batch.NewTest"/>
</testsuite> <!-- sampleproj.batch.NewTest -->
